0 info it worked if it ends with ok
1 verbose cli [ 'C:\\Program Files\\nodejs\\node.exe',
1 verbose cli   'C:\\Program Files\\nodejs\\node_modules\\npm\\bin\\npm-cli.js',
1 verbose cli   'run',
1 verbose cli   'start',
1 verbose cli   '--scripts-prepend-node-path=auto' ]
2 info using npm@3.10.10
3 info using node@v6.11.3
4 verbose run-script [ 'prestart', 'start', 'poststart' ]
5 info lifecycle white-owl@0.0.1~prestart: white-owl@0.0.1
6 silly lifecycle white-owl@0.0.1~prestart: no script for prestart, continuing
7 info lifecycle white-owl@0.0.1~start: white-owl@0.0.1
8 verbose lifecycle white-owl@0.0.1~start: unsafe-perm in lifecycle true
9 verbose lifecycle white-owl@0.0.1~start: PATH: C:\Program Files\nodejs\node_modules\npm\bin\node-gyp-bin;D:\OneDrive\Projetos\white-owl\node_modules\.bin;C:\ProgramData\Oracle\Java\javapath;C:\WINDOWS\system32;C:\WINDOWS;C:\WINDOWS\System32\Wbem;C:\WINDOWS\System32\WindowsPowerShell\v1.0\;C:\Program Files\Git\cmd;c:\Program Files (x86)\Java\jre1.8.0_151\bin\;C:\PROGRA~2\PICC;C:\Program Files\nodejs\;C:\Program Files\Amazon\AWSCLI\;C:\Users\Ricardo Teixeira\AppData\Local\Microsoft\WindowsApps;c:\Program Files (x86)\Java\jre1.8.0_151\bin\keytool;C:\Users\Ricardo Teixeira\AppData\Roaming\npm
10 verbose lifecycle white-owl@0.0.1~start: CWD: D:\OneDrive\Projetos\white-owl
11 silly lifecycle white-owl@0.0.1~start: Args: [ '/d /s /c', 'electron .' ]
12 silly lifecycle white-owl@0.0.1~start: Returned: code: 1  signal: null
13 info lifecycle white-owl@0.0.1~start: Failed to exec start script
14 verbose stack Error: white-owl@0.0.1 start: `electron .`
14 verbose stack Exit status 1
14 verbose stack     at EventEmitter.<anonymous> (C:\Program Files\nodejs\node_modules\npm\lib\utils\lifecycle.js:255:16)
14 verbose stack     at emitTwo (events.js:106:13)
14 verbose stack     at EventEmitter.emit (events.js:191:7)
14 verbose stack     at ChildProcess.<anonymous> (C:\Program Files\nodejs\node_modules\npm\lib\utils\spawn.js:40:14)
14 verbose stack     at emitTwo (events.js:106:13)
14 verbose stack     at ChildProcess.emit (events.js:191:7)
14 verbose stack     at maybeClose (internal/child_process.js:920:16)
14 verbose stack     at Process.ChildProcess._handle.onexit (internal/child_process.js:230:5)
15 verbose pkgid white-owl@0.0.1
16 verbose cwd D:\OneDrive\Projetos\white-owl
17 error Windows_NT 10.0.16299
18 error argv "C:\\Program Files\\nodejs\\node.exe" "C:\\Program Files\\nodejs\\node_modules\\npm\\bin\\npm-cli.js" "run" "start" "--scripts-prepend-node-path=auto"
19 error node v6.11.3
20 error npm  v3.10.10
21 error code ELIFECYCLE
22 error white-owl@0.0.1 start: `electron .`
22 error Exit status 1
23 error Failed at the white-owl@0.0.1 start script 'electron .'.
23 error Make sure you have the latest version of node.js and npm installed.
23 error If you do, this is most likely a problem with the white-owl package,
23 error not with npm itself.
23 error Tell the author that this fails on your system:
23 error     electron .
23 error You can get information on how to open an issue for this project with:
23 error     npm bugs white-owl
23 error Or if that isn't available, you can get their info via:
23 error     npm owner ls white-owl
23 error There is likely additional logging output above.
24 verbose exit [ 1, true ]
